<?xml version="1.0" encoding="UTF-8"?>
<!-- Generated by org.testng.reporters.JUnitXMLReporter -->
<testsuite ignored="0" hostname="DESKTOP-1C4Q6IJ" failures="0" tests="4" name="Default test" time="52.556" errors="0" timestamp="2020-08-30T22:08:46 EDT">
  <testcase classname="com.crm.qa.testcases.HomePageTest" name="validateHomePageTitleTest" time="3.015"/>
  <testcase classname="com.crm.qa.testcases.HomePageTest" name="validateUserNameLabelTest" time="1.58"/>
  <testcase classname="com.crm.qa.testcases.HomePageTest" name="clickOnContactsLinkTest" time="4.637"/>
  <testcase classname="com.crm.qa.testcases.HomePageTest" name="clickOnDealsLinkTest" time="4.673"/>
</testsuite> <!-- Default test -->
