<?xml version="1.0" encoding="UTF-8"?>
<testng-results ignored="0" total="2" passed="2" failed="0" skipped="0">
  <reporter-output>
  </reporter-output>
  <suite started-at="2020-07-12T00:06:51 EDT" name="Default suite" finished-at="2020-07-12T00:07:18 EDT" duration-ms="27812">
    <groups>
    </groups>
    <test started-at="2020-07-12T00:06:51 EDT" name="Default test" finished-at="2020-07-12T00:07:18 EDT" duration-ms="27812">
      <class name="com.crm.qa.testcases.SignUpPageTest">
        <test-method is-config="true" signature="SetUp()[pri:0, instance:com.crm.qa.testcases.SignUpPageTest@6dbb137d]" started-at="2020-07-12T00:06:51 EDT" name="SetUp" finished-at="2020-07-12T00:07:01 EDT" duration-ms="10653" status="PASS">
          <reporter-output>
          </reporter-output>
        </test-method> <!-- SetUp -->
        <test-method signature="EnterDetailsTest()[pri:1, instance:com.crm.qa.testcases.SignUpPageTest@6dbb137d]" started-at="2020-07-12T00:07:01 EDT" name="EnterDetailsTest" finished-at="2020-07-12T00:07:02 EDT" duration-ms="334" status="PASS">
          <reporter-output>
          </reporter-output>
        </test-method> <!-- EnterDetailsTest -->
        <test-method is-config="true" signature="TearDown()[pri:0, instance:com.crm.qa.testcases.SignUpPageTest@6dbb137d]" started-at="2020-07-12T00:07:02 EDT" name="TearDown" finished-at="2020-07-12T00:07:02 EDT" duration-ms="765" status="PASS">
          <reporter-output>
          </reporter-output>
        </test-method> <!-- TearDown -->
        <test-method is-config="true" signature="SetUp()[pri:0, instance:com.crm.qa.testcases.SignUpPageTest@6dbb137d]" started-at="2020-07-12T00:07:02 EDT" name="SetUp" finished-at="2020-07-12T00:07:17 EDT" duration-ms="15008" status="PASS">
          <reporter-output>
          </reporter-output>
        </test-method> <!-- SetUp -->
        <test-method signature="RegisterLogoTest()[pri:2, instance:com.crm.qa.testcases.SignUpPageTest@6dbb137d]" started-at="2020-07-12T00:07:17 EDT" name="RegisterLogoTest" finished-at="2020-07-12T00:07:18 EDT" duration-ms="226" status="PASS">
          <reporter-output>
          </reporter-output>
        </test-method> <!-- RegisterLogoTest -->
        <test-method is-config="true" signature="TearDown()[pri:0, instance:com.crm.qa.testcases.SignUpPageTest@6dbb137d]" started-at="2020-07-12T00:07:18 EDT" name="TearDown" finished-at="2020-07-12T00:07:18 EDT" duration-ms="779" status="PASS">
          <reporter-output>
          </reporter-output>
        </test-method> <!-- TearDown -->
      </class> <!-- com.crm.qa.testcases.SignUpPageTest -->
    </test> <!-- Default test -->
  </suite> <!-- Default suite -->
</testng-results>
